2025-05-15 19:49:37.678 INFO  (main) [] o.e.j.s.Server jetty-10.0.15; built: 2023-04-11T17:25:14.480Z; git: 68017dbd00236bb7e187330d7585a059610f661d; jvm 17.0.10+7
2025-05-15 19:49:38.208 WARN  (main) [] o.e.j.u.DeprecationWarning Using @Deprecated Class org.eclipse.jetty.servlet.listener.ELContextCleaner
2025-05-15 19:49:38.248 INFO  (main) [] o.a.s.s.CoreContainerProvider Using logger factory org.apache.logging.slf4j.Log4jLoggerFactory
2025-05-15 19:49:38.258 INFO  (main) [] o.a.s.s.CoreContainerProvider  ___      _       Welcome to Apache Solr™ version 9.3.0
2025-05-15 19:49:38.258 INFO  (main) [] o.a.s.s.CoreContainerProvider / __| ___| |_ _   Starting in standalone mode on port 8983
2025-05-15 19:49:38.258 INFO  (main) [] o.a.s.s.CoreContainerProvider \__ \/ _ \ | '_|  Install dir: /opt/solr-9.3.0
2025-05-15 19:49:38.259 INFO  (main) [] o.a.s.s.CoreContainerProvider |___/\___/_|_|    Start time: 2025-05-15T19:49:38.259021423Z
2025-05-15 19:49:38.263 INFO  (main) [] o.a.s.s.CoreContainerProvider Solr started with "-XX:+CrashOnOutOfMemoryError" that will crash on any OutOfMemoryError exception. The cause of the OOME will be logged in the crash file at the following path: /var/solr/logs/jvm_crash_12.log
2025-05-15 19:49:38.291 INFO  (main) [] o.a.s.s.CoreContainerProvider Solr Home: /var/solr/data (source: system property: solr.solr.home)
2025-05-15 19:49:38.313 INFO  (main) [] o.a.s.c.SolrXmlConfig solr.xml not found in SOLR_HOME, using built-in default
2025-05-15 19:49:38.313 INFO  (main) [] o.a.s.c.SolrXmlConfig Loading solr.xml from /opt/solr-9.3.0/server/solr/solr.xml
2025-05-15 19:49:38.372 INFO  (main) [] o.a.s.c.SolrResourceLoader Added 1 libs to classloader, from paths: [/opt/solr-9.3.0/lib]
2025-05-15 19:49:39.966 WARN  (main) [] o.a.s.u.StartupLoggingUtils Jetty request logging enabled. Will retain logs for last 3 days. See chapter "Configuring Logging" in reference guide for how to configure.
2025-05-15 19:49:39.969 WARN  (main) [] o.a.s.c.CoreContainer Not all security plugins configured!  authentication=disabled authorization=disabled.  Solr is only as secure as you make it. Consider configuring authentication/authorization before exposing Solr to users internal or external.  See https://s.apache.org/solrsecurity for more info
2025-05-15 19:49:40.372 INFO  (main) [] o.a.s.c.CorePropertiesLocator Found 1 core definitions underneath /var/solr/data
2025-05-15 19:49:40.373 INFO  (main) [] o.a.s.c.CorePropertiesLocator Cores are: [restaurants]
2025-05-15 19:49:40.467 WARN  (coreLoadExecutor-10-thread-1) [ x:restaurants] o.a.s.c.SolrConfig You should not use LATEST as luceneMatchVersion property: if you use this setting, and then Solr upgrades to a newer release of Lucene, sizable changes may happen. If precise back compatibility is important then you should instead explicitly specify an actual Lucene version.
2025-05-15 19:49:40.468 INFO  (coreLoadExecutor-10-thread-1) [ x:restaurants] o.a.s.c.SolrConfig Using Lucene MatchVersion: 9.7.0
2025-05-15 19:49:40.645 INFO  (coreLoadExecutor-10-thread-1) [ x:restaurants] o.a.s.s.IndexSchema Schema name=restaurants
2025-05-15 19:49:40.823 INFO  (coreLoadExecutor-10-thread-1) [ x:restaurants] o.a.s.s.IndexSchema Loaded schema restaurants/1.6 with uniqueid field id
2025-05-15 19:49:40.853 INFO  (coreLoadExecutor-10-thread-1) [ x:restaurants] o.a.s.c.CoreContainer Creating SolrCore 'restaurants' using configuration from instancedir /var/solr/data/restaurants, trusted=true
2025-05-15 19:49:40.926 INFO  (coreLoadExecutor-10-thread-1) [ x:restaurants] o.a.s.c.SolrCore Opening new SolrCore at [/var/solr/data/restaurants], dataDir=[/var/solr/data/restaurants/data/]
2025-05-15 19:49:41.378 INFO  (main) [] o.a.s.j.SolrRequestAuthorizer Creating a new SolrRequestAuthorizer
2025-05-15 19:49:41.681 INFO  (main) [] o.e.j.s.h.ContextHandler Started o.e.j.w.WebAppContext@1a2e2935{solr-jetty-context.xml,/solr,file:///opt/solr-9.3.0/server/solr-webapp/webapp/,AVAILABLE}{/opt/solr-9.3.0/server/solr-webapp/webapp}
2025-05-15 19:49:41.714 INFO  (main) [] o.e.j.s.RequestLogWriter Opened /var/solr/logs/2025_05_15.request.log
2025-05-15 19:49:41.728 INFO  (main) [] o.e.j.s.AbstractConnector Started ServerConnector@6b9ce1bf{HTTP/1.1, (http/1.1, h2c)}{0.0.0.0:8983}
2025-05-15 19:49:41.733 INFO  (main) [] o.e.j.s.Server Started Server@2756c0a7{STARTING}[10.0.15,sto=0] @6117ms
2025-05-15 19:49:42.195 INFO  (coreLoadExecutor-10-thread-1) [ x:restaurants] o.a.s.j.SolrRequestAuthorizer Creating a new SolrRequestAuthorizer
2025-05-15 19:49:42.239 INFO  (coreLoadExecutor-10-thread-1) [ x:restaurants] o.a.s.u.UpdateHandler Using UpdateLog implementation: org.apache.solr.update.UpdateLog
2025-05-15 19:49:42.239 INFO  (coreLoadExecutor-10-thread-1) [ x:restaurants] o.a.s.u.UpdateLog Initializing UpdateLog: dataDir= defaultSyncLevel=FLUSH numRecordsToKeep=100 maxNumLogsToKeep=10 numVersionBuckets=65536
2025-05-15 19:49:42.366 INFO  (coreLoadExecutor-10-thread-1) [ x:restaurants] o.a.s.u.CommitTracker Hard AutoCommit: if uncommitted for 15000ms; 
2025-05-15 19:49:42.367 INFO  (coreLoadExecutor-10-thread-1) [ x:restaurants] o.a.s.u.CommitTracker Soft AutoCommit: disabled
2025-05-15 19:49:42.571 INFO  (coreLoadExecutor-10-thread-1) [ x:restaurants] o.a.s.r.ManagedResourceStorage File-based storage initialized to use dir: /var/solr/data/restaurants/conf
2025-05-15 19:49:42.606 INFO  (coreLoadExecutor-10-thread-1) [ x:restaurants] o.a.s.s.DirectSolrSpellChecker init: {accuracy=0.5, maxQueryFrequency=0.01, maxEdits=2, minPrefix=1, maxInspections=5, minQueryLength=4, name=default, field=_text_, classname=solr.DirectSolrSpellChecker, distanceMeasure=internal}
2025-05-15 19:49:42.625 INFO  (coreLoadExecutor-10-thread-1) [ x:restaurants] o.a.s.h.ReplicationHandler Commits will be reserved for 10000 ms
2025-05-15 19:49:42.661 INFO  (searcherExecutor-12-thread-1-processing-restaurants) [ x:restaurants] o.a.s.c.QuerySenderListener QuerySenderListener done.
2025-05-15 19:49:42.661 INFO  (searcherExecutor-12-thread-1-processing-restaurants) [ x:restaurants] o.a.s.h.c.SpellCheckComponent Loading spell index for spellchecker: default
2025-05-15 19:49:42.678 INFO  (searcherExecutor-12-thread-1-processing-restaurants) [ x:restaurants] o.a.s.c.SolrCore Registered new searcher autowarm time: 0 ms
2025-05-15 19:49:44.224 INFO  (qtp240630125-28) [ x:restaurants] o.a.s.c.S.Request webapp=/solr path=/admin/ping params={} hits=0 status=0 QTime=55
2025-05-15 19:49:44.224 INFO  (qtp240630125-28) [ x:restaurants] o.a.s.c.S.Request webapp=/solr path=/admin/ping params={} status=0 QTime=57
2025-05-15 19:49:44.294 INFO  (qtp240630125-29) [ x:restaurants] o.a.s.u.p.LogUpdateProcessorFactory webapp=/solr path=/update params={commit=true}{deleteByQuery=*:* (-1832217303325868032), commit=} 0 56
2025-05-15 19:49:44.365 INFO  (qtp240630125-30) [ x:restaurants] o.a.s.s.AbstractSpatialPrefixTreeFieldType location_rpt{class=org.apache.solr.schema.SpatialRecursivePrefixTreeFieldType,analyzer=org.apache.solr.schema.FieldType$DefaultAnalyzer,args={geo=true, maxDistErr=0.001, spatialContextFactory=JTS, distErrPct=0.025, distanceUnits=kilometers, class=solr.SpatialRecursivePrefixTreeFieldType}} strat: RecursivePrefixTreeStrategy(SPG:(GeohashPrefixTree(maxLevels:11,ctx:JtsSpatialContext{geo=true, calculator=Haversine, worldBounds=Rect(minX=-180.0,maxX=180.0,minY=-90.0,maxY=90.0)})),pruneLeafyBranches) maxLevels: 11
2025-05-15 19:49:44.791 INFO  (searcherExecutor-12-thread-1-processing-restaurants) [ x:restaurants] o.a.s.c.QuerySenderListener QuerySenderListener done.
2025-05-15 19:49:44.807 INFO  (searcherExecutor-12-thread-1-processing-restaurants) [ x:restaurants] o.a.s.c.SolrCore Registered new searcher autowarm time: 7 ms
2025-05-15 19:49:44.816 INFO  (qtp240630125-30) [ x:restaurants] o.a.s.u.p.LogUpdateProcessorFactory webapp=/solr path=/update params={commit=true}{add=[rest1 (1832217303381442560)], commit=} 0 515
2025-05-15 19:49:45.150 INFO  (searcherExecutor-12-thread-1-processing-restaurants) [ x:restaurants] o.a.s.c.QuerySenderListener QuerySenderListener done.
2025-05-15 19:49:45.168 INFO  (searcherExecutor-12-thread-1-processing-restaurants) [ x:restaurants] o.a.s.c.SolrCore Registered new searcher autowarm time: 0 ms
2025-05-15 19:49:45.171 INFO  (qtp240630125-31) [ x:restaurants] o.a.s.u.p.LogUpdateProcessorFactory webapp=/solr path=/update params={commit=true}{add=[rest2 (1832217303922507776)], commit=} 0 346
2025-05-15 19:49:45.484 INFO  (searcherExecutor-12-thread-1-processing-restaurants) [ x:restaurants] o.a.s.c.QuerySenderListener QuerySenderListener done.
2025-05-15 19:49:45.491 INFO  (searcherExecutor-12-thread-1-processing-restaurants) [ x:restaurants] o.a.s.c.SolrCore Registered new searcher autowarm time: 0 ms
2025-05-15 19:49:45.493 INFO  (qtp240630125-32) [ x:restaurants] o.a.s.u.p.LogUpdateProcessorFactory webapp=/solr path=/update params={commit=true}{add=[rest3 (1832217304296849408)], commit=} 0 311
2025-05-15 19:49:45.881 INFO  (searcherExecutor-12-thread-1-processing-restaurants) [ x:restaurants] o.a.s.c.QuerySenderListener QuerySenderListener done.
2025-05-15 19:49:45.888 INFO  (searcherExecutor-12-thread-1-processing-restaurants) [ x:restaurants] o.a.s.c.SolrCore Registered new searcher autowarm time: 0 ms
2025-05-15 19:49:45.889 INFO  (qtp240630125-33) [ x:restaurants] o.a.s.u.p.LogUpdateProcessorFactory webapp=/solr path=/update params={commit=true}{add=[rest4 (1832217304631345152)], commit=} 0 388
2025-05-15 19:49:46.240 INFO  (searcherExecutor-12-thread-1-processing-restaurants) [ x:restaurants] o.a.s.c.QuerySenderListener QuerySenderListener done.
2025-05-15 19:49:46.247 INFO  (searcherExecutor-12-thread-1-processing-restaurants) [ x:restaurants] o.a.s.c.SolrCore Registered new searcher autowarm time: 0 ms
2025-05-15 19:49:46.249 INFO  (qtp240630125-26) [ x:restaurants] o.a.s.u.p.LogUpdateProcessorFactory webapp=/solr path=/update params={commit=true}{add=[rest5 (1832217305045532672)], commit=} 0 352
2025-05-15 19:49:46.613 INFO  (searcherExecutor-12-thread-1-processing-restaurants) [ x:restaurants] o.a.s.c.QuerySenderListener QuerySenderListener done.
2025-05-15 19:49:46.621 INFO  (searcherExecutor-12-thread-1-processing-restaurants) [ x:restaurants] o.a.s.c.SolrCore Registered new searcher autowarm time: 0 ms
2025-05-15 19:49:46.623 INFO  (qtp240630125-50) [ x:restaurants] o.a.s.u.p.LogUpdateProcessorFactory webapp=/solr path=/update params={commit=true}{add=[rest6 (1832217305423020032)], commit=} 0 366
2025-05-15 19:49:47.019 INFO  (searcherExecutor-12-thread-1-processing-restaurants) [ x:restaurants] o.a.s.c.QuerySenderListener QuerySenderListener done.
2025-05-15 19:49:47.029 INFO  (searcherExecutor-12-thread-1-processing-restaurants) [ x:restaurants] o.a.s.c.SolrCore Registered new searcher autowarm time: 0 ms
2025-05-15 19:49:47.033 INFO  (qtp240630125-53) [ x:restaurants] o.a.s.u.p.LogUpdateProcessorFactory webapp=/solr path=/update params={commit=true}{add=[rest7 (1832217305816236032)], commit=} 0 401
2025-05-15 19:49:47.438 INFO  (searcherExecutor-12-thread-1-processing-restaurants) [ x:restaurants] o.a.s.c.QuerySenderListener QuerySenderListener done.
2025-05-15 19:49:47.445 INFO  (searcherExecutor-12-thread-1-processing-restaurants) [ x:restaurants] o.a.s.c.SolrCore Registered new searcher autowarm time: 0 ms
2025-05-15 19:49:47.447 INFO  (qtp240630125-27) [ x:restaurants] o.a.s.u.p.LogUpdateProcessorFactory webapp=/solr path=/update params={commit=true}{add=[rest8 (1832217306246152192)], commit=} 0 405
2025-05-15 19:49:47.952 INFO  (searcherExecutor-12-thread-1-processing-restaurants) [ x:restaurants] o.a.s.c.QuerySenderListener QuerySenderListener done.
2025-05-15 19:49:47.959 INFO  (searcherExecutor-12-thread-1-processing-restaurants) [ x:restaurants] o.a.s.c.SolrCore Registered new searcher autowarm time: 0 ms
2025-05-15 19:49:47.961 INFO  (qtp240630125-28) [ x:restaurants] o.a.s.u.p.LogUpdateProcessorFactory webapp=/solr path=/update params={commit=true}{add=[rest9 (1832217306682359808)], commit=} 0 504
2025-05-15 19:49:48.468 INFO  (searcherExecutor-12-thread-1-processing-restaurants) [ x:restaurants] o.a.s.c.QuerySenderListener QuerySenderListener done.
2025-05-15 19:49:48.473 INFO  (searcherExecutor-12-thread-1-processing-restaurants) [ x:restaurants] o.a.s.c.SolrCore Registered new searcher autowarm time: 0 ms
2025-05-15 19:49:48.474 INFO  (qtp240630125-52) [ x:restaurants] o.a.s.u.p.LogUpdateProcessorFactory webapp=/solr path=/update params={commit=true}{add=[rest10 (1832217307219230720)], commit=} 0 506
2025-05-15 19:49:48.901 INFO  (searcherExecutor-12-thread-1-processing-restaurants) [ x:restaurants] o.a.s.c.QuerySenderListener QuerySenderListener done.
2025-05-15 19:49:48.906 INFO  (searcherExecutor-12-thread-1-processing-restaurants) [ x:restaurants] o.a.s.c.SolrCore Registered new searcher autowarm time: 0 ms
2025-05-15 19:49:49.439 INFO  (qtp240630125-29) [ x:restaurants] o.a.s.u.p.LogUpdateProcessorFactory webapp=/solr path=/update params={commit=true}{add=[rest11 (1832217307757150208)], commit=} 0 957
2025-05-15 19:49:49.795 INFO  (searcherExecutor-12-thread-1-processing-restaurants) [ x:restaurants] o.a.s.c.QuerySenderListener QuerySenderListener done.
2025-05-15 19:49:49.801 INFO  (searcherExecutor-12-thread-1-processing-restaurants) [ x:restaurants] o.a.s.c.SolrCore Registered new searcher autowarm time: 0 ms
2025-05-15 19:49:49.803 INFO  (qtp240630125-31) [ x:restaurants] o.a.s.u.p.LogUpdateProcessorFactory webapp=/solr path=/update params={commit=true}{add=[rest12 (1832217308767977472)], commit=} 0 356
2025-05-15 19:51:13.711 INFO  (qtp240630125-32) [ x:restaurants] o.a.s.c.S.Request webapp=/solr path=/admin/ping params={} hits=12 status=0 QTime=1
2025-05-15 19:51:13.712 INFO  (qtp240630125-32) [ x:restaurants] o.a.s.c.S.Request webapp=/solr path=/admin/ping params={} status=0 QTime=2
2025-05-15 19:51:13.796 INFO  (searcherExecutor-12-thread-1-processing-restaurants) [ x:restaurants] o.a.s.c.QuerySenderListener QuerySenderListener done.
2025-05-15 19:51:13.800 INFO  (searcherExecutor-12-thread-1-processing-restaurants) [ x:restaurants] o.a.s.c.SolrCore Registered new searcher autowarm time: 0 ms
2025-05-15 19:51:13.970 INFO  (qtp240630125-50) [ x:restaurants] o.a.s.u.p.LogUpdateProcessorFactory webapp=/solr path=/update params={commit=true}{deleteByQuery=*:* (-1832217397146157056), commit=} 0 239
2025-05-15 19:51:14.206 INFO  (searcherExecutor-12-thread-1-processing-restaurants) [ x:restaurants] o.a.s.c.QuerySenderListener QuerySenderListener done.
2025-05-15 19:51:14.210 INFO  (searcherExecutor-12-thread-1-processing-restaurants) [ x:restaurants] o.a.s.c.SolrCore Registered new searcher autowarm time: 0 ms
2025-05-15 19:51:14.212 INFO  (qtp240630125-53) [ x:restaurants] o.a.s.u.p.LogUpdateProcessorFactory webapp=/solr path=/update params={commit=true}{add=[rest1 (1832217397406203904)], commit=} 0 234
2025-05-15 19:51:14.434 INFO  (searcherExecutor-12-thread-1-processing-restaurants) [ x:restaurants] o.a.s.c.QuerySenderListener QuerySenderListener done.
2025-05-15 19:51:14.438 INFO  (searcherExecutor-12-thread-1-processing-restaurants) [ x:restaurants] o.a.s.c.SolrCore Registered new searcher autowarm time: 0 ms
2025-05-15 19:51:14.439 INFO  (qtp240630125-27) [ x:restaurants] o.a.s.u.p.LogUpdateProcessorFactory webapp=/solr path=/update params={commit=true}{add=[rest2 (1832217397659959296)], commit=} 0 220
2025-05-15 19:51:14.781 INFO  (searcherExecutor-12-thread-1-processing-restaurants) [ x:restaurants] o.a.s.c.QuerySenderListener QuerySenderListener done.
2025-05-15 19:51:14.788 INFO  (searcherExecutor-12-thread-1-processing-restaurants) [ x:restaurants] o.a.s.c.SolrCore Registered new searcher autowarm time: 0 ms
2025-05-15 19:51:14.789 INFO  (qtp240630125-28) [ x:restaurants] o.a.s.u.p.LogUpdateProcessorFactory webapp=/solr path=/update params={commit=true}{add=[rest3 (1832217397897986048)], commit=} 0 342
2025-05-15 19:51:15.248 INFO  (searcherExecutor-12-thread-1-processing-restaurants) [ x:restaurants] o.a.s.c.QuerySenderListener QuerySenderListener done.
2025-05-15 19:51:15.259 INFO  (searcherExecutor-12-thread-1-processing-restaurants) [ x:restaurants] o.a.s.c.SolrCore Registered new searcher autowarm time: 0 ms
2025-05-15 19:51:15.262 INFO  (qtp240630125-52) [ x:restaurants] o.a.s.u.p.LogUpdateProcessorFactory webapp=/solr path=/update params={commit=true}{add=[rest4 (1832217398267084800)], commit=} 0 464
2025-05-15 19:51:15.732 INFO  (searcherExecutor-12-thread-1-processing-restaurants) [ x:restaurants] o.a.s.c.QuerySenderListener QuerySenderListener done.
2025-05-15 19:51:15.736 INFO  (searcherExecutor-12-thread-1-processing-restaurants) [ x:restaurants] o.a.s.c.SolrCore Registered new searcher autowarm time: 0 ms
2025-05-15 19:51:15.737 INFO  (qtp240630125-29) [ x:restaurants] o.a.s.u.p.LogUpdateProcessorFactory webapp=/solr path=/update params={commit=true}{add=[rest5 (1832217398764109824)], commit=} 0 464
2025-05-15 19:51:16.129 INFO  (searcherExecutor-12-thread-1-processing-restaurants) [ x:restaurants] o.a.s.c.QuerySenderListener QuerySenderListener done.
2025-05-15 19:51:16.137 INFO  (searcherExecutor-12-thread-1-processing-restaurants) [ x:restaurants] o.a.s.c.SolrCore Registered new searcher autowarm time: 0 ms
2025-05-15 19:51:16.140 INFO  (qtp240630125-31) [ x:restaurants] o.a.s.u.p.LogUpdateProcessorFactory webapp=/solr path=/update params={commit=true}{add=[rest6 (1832217399262183424)], commit=} 0 392
2025-05-15 19:51:16.496 INFO  (searcherExecutor-12-thread-1-processing-restaurants) [ x:restaurants] o.a.s.c.QuerySenderListener QuerySenderListener done.
2025-05-15 19:51:16.501 INFO  (searcherExecutor-12-thread-1-processing-restaurants) [ x:restaurants] o.a.s.c.SolrCore Registered new searcher autowarm time: 0 ms
2025-05-15 19:51:16.502 INFO  (qtp240630125-32) [ x:restaurants] o.a.s.u.p.LogUpdateProcessorFactory webapp=/solr path=/update params={commit=true}{add=[rest7 (1832217399681613824)], commit=} 0 354
2025-05-15 19:51:16.881 INFO  (qtp240630125-53) [ x:restaurants] o.a.s.c.S.Request webapp=/solr path=/select params={q=*:*&fl=id,name,address,type,description,lat,lng,location,[explain],score&fq={!geofilt+sfield%3Dlocation+pt%3D40.7128,-74.006+d%3D5}&sort=geodist(location,40.7128,-74.006)+asc&wt=json} hits=7 status=0 QTime=91
2025-05-15 19:51:16.971 INFO  (searcherExecutor-12-thread-1-processing-restaurants) [ x:restaurants] o.a.s.c.QuerySenderListener QuerySenderListener done.
2025-05-15 19:51:16.976 INFO  (searcherExecutor-12-thread-1-processing-restaurants) [ x:restaurants] o.a.s.c.SolrCore Registered new searcher autowarm time: 0 ms
2025-05-15 19:51:16.978 INFO  (qtp240630125-50) [ x:restaurants] o.a.s.u.p.LogUpdateProcessorFactory webapp=/solr path=/update params={commit=true}{add=[rest8 (1832217400061198336)], commit=} 0 468
2025-05-15 19:51:17.539 INFO  (searcherExecutor-12-thread-1-processing-restaurants) [ x:restaurants] o.a.s.c.QuerySenderListener QuerySenderListener done.
2025-05-15 19:51:17.544 INFO  (searcherExecutor-12-thread-1-processing-restaurants) [ x:restaurants] o.a.s.c.SolrCore Registered new searcher autowarm time: 0 ms
2025-05-15 19:51:17.545 INFO  (qtp240630125-27) [ x:restaurants] o.a.s.u.p.LogUpdateProcessorFactory webapp=/solr path=/update params={commit=true}{add=[rest9 (1832217400562417664)], commit=} 0 557
2025-05-15 19:51:18.142 INFO  (searcherExecutor-12-thread-1-processing-restaurants) [ x:restaurants] o.a.s.c.QuerySenderListener QuerySenderListener done.
2025-05-15 19:51:18.146 INFO  (searcherExecutor-12-thread-1-processing-restaurants) [ x:restaurants] o.a.s.c.SolrCore Registered new searcher autowarm time: 0 ms
2025-05-15 19:51:18.148 INFO  (qtp240630125-28) [ x:restaurants] o.a.s.u.p.LogUpdateProcessorFactory webapp=/solr path=/update params={commit=true}{add=[rest10 (1832217401155911680)], commit=} 0 594
2025-05-15 19:51:18.524 INFO  (searcherExecutor-12-thread-1-processing-restaurants) [ x:restaurants] o.a.s.c.QuerySenderListener QuerySenderListener done.
2025-05-15 19:51:18.528 INFO  (searcherExecutor-12-thread-1-processing-restaurants) [ x:restaurants] o.a.s.c.SolrCore Registered new searcher autowarm time: 0 ms
2025-05-15 19:51:19.060 INFO  (qtp240630125-52) [ x:restaurants] o.a.s.u.p.LogUpdateProcessorFactory webapp=/solr path=/update params={commit=true}{add=[rest11 (1832217401788203008)], commit=} 0 903
2025-05-15 19:51:19.392 INFO  (searcherExecutor-12-thread-1-processing-restaurants) [ x:restaurants] o.a.s.c.QuerySenderListener QuerySenderListener done.
2025-05-15 19:51:19.398 INFO  (searcherExecutor-12-thread-1-processing-restaurants) [ x:restaurants] o.a.s.c.SolrCore Registered new searcher autowarm time: 0 ms
2025-05-15 19:51:19.406 INFO  (qtp240630125-29) [ x:restaurants] o.a.s.u.p.LogUpdateProcessorFactory webapp=/solr path=/update params={commit=true}{add=[rest12 (1832217402743455744)], commit=} 0 338
